<?xml version="1.0" encoding="UTF-8"?>
<testsuite xmlns:xsi="http://www.w3.org/2001/XMLSchema-instance" xsi:noNamespaceSchemaLocation="https://maven.apache.org/surefire/maven-surefire-plugin/xsd/surefire-test-report.xsd" name="com.pensionmanagement.processpension.ProcesspensionApplicationTests" time="20.844" tests="8" errors="0" skipped="0" failures="0">
  <properties>
[...]
</properties>
  <testcase name="TestPensionDetail" classname="com.pensionmanagement.processpension.ProcesspensionApplicationTests" time="0.047"/>
  <testcase name="TestValidityResponse" classname="com.pensionmanagement.processpension.ProcesspensionApplicationTests" time="0.011"/>
  <testcase name="TestController" classname="com.pensionmanagement.processpension.ProcesspensionApplicationTests" time="0.133"/>
  <testcase name="testBankDetails" classname="com.pensionmanagement.processpension.ProcesspensionApplicationTests" time="0.018"/>
  <testcase name="applicationContextTest" classname="com.pensionmanagement.processpension.ProcesspensionApplicationTests" time="5.777"/>
  <testcase name="testProcessPensionInput" classname="com.pensionmanagement.processpension.ProcesspensionApplicationTests" time="0.007"/>
  <testcase name="checkController" classname="com.pensionmanagement.processpension.ProcesspensionApplicationTests" time="0.276"/>
  <testcase name="testBankServiceCharge" classname="com.pensionmanagement.processpension.ProcesspensionApplicationTests" time="0.005"/>
</testsuite>